<?xml version="1.0" encoding="UTF-8"?>
<!-- Generated by org.testng.reporters.JUnitReportReporter -->
<testsuite hostname="IN5CG63331JS" failures="0" tests="1" name="test.Book" time="70.492" errors="0" timestamp="10 Dec 2018 07:05:07 GMT" skipped="0">
  <testcase classname="test.Book" name="Booking" time="70.492"/>
</testsuite> <!-- test.Book -->
